TN:
SF:src\config\plugins\envs.plugin.ts
FNF:0
FNH:0
DA:1,1
DA:2,1
DA:3,1
DA:4,1
DA:5,1
DA:6,1
DA:7,1
DA:8,1
DA:9,1
DA:10,1
DA:11,1
DA:12,1
DA:13,1
DA:14,1
DA:15,1
DA:16,1
DA:17,1
LF:17
LH:17
BRF:0
BRH:0
end_of_record
TN:
SF:src\data\mongo\index.ts
FNF:0
FNH:0
DA:1,1
DA:2,1
DA:3,1
DA:4,1
LF:4
LH:4
BRF:0
BRH:0
end_of_record
TN:
SF:src\data\mongo\init.ts
FN:9,connect
FNF:1
FNH:1
FNDA:4,connect
DA:1,1
DA:2,1
DA:3,1
DA:4,1
DA:5,1
DA:6,1
DA:7,1
DA:8,1
DA:9,1
DA:10,4
DA:11,4
DA:12,4
DA:13,4
DA:14,4
DA:15,4
DA:16,0
DA:17,0
DA:18,0
DA:19,0
DA:20,4
DA:21,3
DA:22,3
DA:23,4
DA:24,1
LF:24
LH:20
BRDA:9,0,0,4
BRDA:16,1,0,0
BRDA:20,2,0,3
BRF:3
BRH:2
end_of_record
TN:
SF:src\data\mongo\models\log.model.ts
FNF:0
FNH:0
DA:1,1
DA:2,1
DA:3,1
DA:4,1
DA:5,1
DA:6,1
DA:7,1
DA:8,1
DA:9,1
DA:10,1
DA:11,1
DA:12,1
DA:13,1
DA:14,1
DA:15,1
DA:16,1
DA:17,1
DA:18,1
DA:19,1
DA:20,1
DA:21,1
DA:22,1
DA:23,1
DA:24,1
DA:25,1
LF:25
LH:25
BRF:0
BRH:0
end_of_record
TN:
SF:src\domain\entities\log.entity.ts
FN:24,LogEntity
FN:34,Object.<anonymous>.LogEntity.fromJson
FN:50,Object.<anonymous>.LogEntity.fromObject
FNF:3
FNH:3
FNDA:25,LogEntity
FNDA:9,Object.<anonymous>.LogEntity.fromJson
FNDA:1,Object.<anonymous>.LogEntity.fromObject
DA:1,1
DA:2,1
DA:3,8
DA:4,8
DA:5,8
DA:6,8
DA:7,8
DA:8,1
DA:9,1
DA:10,1
DA:11,1
DA:12,1
DA:13,1
DA:14,1
DA:15,1
DA:16,1
DA:17,1
DA:18,1
DA:19,1
DA:20,1
DA:21,1
DA:22,1
DA:23,1
DA:24,1
DA:25,25
DA:26,25
DA:27,25
DA:28,25
DA:29,25
DA:30,25
DA:31,25
DA:32,1
DA:33,1
DA:34,1
DA:35,9
DA:36,9
DA:37,9
DA:38,9
DA:39,9
DA:40,9
DA:41,9
DA:42,9
DA:43,9
DA:44,9
DA:45,9
DA:46,9
DA:47,9
DA:48,1
DA:49,1
DA:50,1
DA:51,1
DA:52,1
DA:53,1
DA:54,1
DA:55,1
DA:56,1
DA:57,1
DA:58,1
LF:58
LH:58
BRDA:3,0,0,8
BRDA:24,1,0,25
BRDA:34,2,0,9
BRDA:35,3,0,3
BRDA:35,4,0,6
BRDA:50,5,0,1
BRF:6
BRH:6
end_of_record
TN:
SF:src\domain\use-cases\checks\check-service-multiple.ts
FN:13,CheckServiceMultiple
FN:19,callLogs
FN:25,execute
FNF:3
FNH:3
FNDA:1,CheckServiceMultiple
FNDA:2,callLogs
FNDA:2,execute
DA:1,1
DA:2,1
DA:3,1
DA:4,1
DA:5,1
DA:6,1
DA:7,1
DA:8,1
DA:9,1
DA:10,1
DA:11,1
DA:12,1
DA:13,1
DA:14,1
DA:15,1
DA:16,1
DA:17,1
DA:18,1
DA:19,1
DA:20,2
DA:21,6
DA:22,2
DA:23,2
DA:24,1
DA:25,1
DA:26,2
DA:27,2
DA:28,2
DA:29,0
DA:30,0
DA:31,1
DA:32,1
DA:33,1
DA:34,1
DA:35,1
DA:36,1
DA:37,1
DA:38,2
DA:39,2
DA:40,2
DA:41,2
DA:42,1
DA:43,1
DA:44,1
DA:45,1
DA:46,1
DA:47,1
DA:48,1
DA:49,1
DA:50,1
DA:51,1
DA:52,1
DA:53,1
DA:54,2
DA:55,1
LF:55
LH:53
BRDA:13,0,0,1
BRDA:19,1,0,2
BRDA:20,2,0,6
BRDA:25,3,0,2
BRDA:28,4,0,1
BRDA:28,5,0,0
BRDA:31,6,0,1
BRDA:41,7,0,1
BRF:8
BRH:7
end_of_record
TN:
SF:src\domain\use-cases\checks\check-service.ts
FN:13,CheckService
FN:19,execute
FNF:2
FNH:2
FNDA:1,CheckService
FNDA:2,execute
DA:1,1
DA:2,1
DA:3,1
DA:4,1
DA:5,1
DA:6,1
DA:7,1
DA:8,1
DA:9,1
DA:10,1
DA:11,1
DA:12,1
DA:13,1
DA:14,1
DA:15,1
DA:16,1
DA:17,1
DA:18,1
DA:19,1
DA:20,2
DA:21,2
DA:22,2
DA:23,0
DA:24,0
DA:25,1
DA:26,1
DA:27,1
DA:28,1
DA:29,1
DA:30,1
DA:31,1
DA:32,2
DA:33,2
DA:34,2
DA:35,2
DA:36,1
DA:37,1
DA:38,1
DA:39,1
DA:40,1
DA:41,1
DA:42,1
DA:43,1
DA:44,1
DA:45,1
DA:46,1
DA:47,1
DA:48,2
DA:49,1
LF:49
LH:47
BRDA:13,0,0,1
BRDA:19,1,0,2
BRDA:22,2,0,1
BRDA:22,3,0,0
BRDA:25,4,0,1
BRDA:35,5,0,1
BRF:6
BRH:5
end_of_record
TN:
SF:src\domain\use-cases\email\send-email-logs.ts
FN:13,SendEmailLogs
FN:18,execute
FNF:2
FNH:2
FNDA:1,SendEmailLogs
FNDA:2,execute
DA:1,1
DA:2,1
DA:3,1
DA:4,1
DA:5,1
DA:6,1
DA:7,1
DA:8,1
DA:9,1
DA:10,1
DA:11,1
DA:12,1
DA:13,1
DA:14,1
DA:15,1
DA:16,1
DA:17,1
DA:18,1
DA:19,2
DA:20,2
DA:21,2
DA:22,2
DA:23,1
DA:24,1
DA:25,1
DA:26,1
DA:27,1
DA:28,1
DA:29,1
DA:30,1
DA:31,1
DA:32,1
DA:33,1
DA:34,1
DA:35,1
DA:36,1
DA:37,1
DA:38,1
DA:39,1
DA:40,1
DA:41,1
DA:42,1
DA:43,1
DA:44,2
DA:45,2
DA:46,1
DA:47,1
LF:47
LH:47
BRDA:13,0,0,1
BRDA:18,1,0,2
BRDA:22,2,0,1
BRF:3
BRH:3
end_of_record
TN:
SF:src\infrastructure\datasources\file-system.datasource.ts
FN:15,FileSystemDatasource
FN:19,FileSystemDatasource.createLogsFiles
FN:49,FileSystemDatasource.getLogsFromFile
FN:35,saveLog
FN:61,getLogs
FNF:5
FNH:5
FNDA:8,FileSystemDatasource
FNDA:8,FileSystemDatasource.createLogsFiles
FNDA:3,FileSystemDatasource.getLogsFromFile
FNDA:6,saveLog
FNDA:4,getLogs
DA:1,1
DA:2,1
DA:3,1
DA:4,1
DA:5,1
DA:6,1
DA:7,1
DA:8,1
DA:9,1
DA:10,1
DA:11,1
DA:12,1
DA:13,1
DA:14,1
DA:15,1
DA:16,8
DA:17,8
DA:18,1
DA:19,1
DA:20,8
DA:21,7
DA:22,7
DA:23,8
DA:24,8
DA:25,8
DA:26,8
DA:27,8
DA:28,8
DA:29,24
DA:30,21
DA:31,21
DA:32,8
DA:33,8
DA:34,1
DA:35,1
DA:36,6
DA:37,6
DA:38,6
DA:39,6
DA:40,6
DA:41,4
DA:42,6
DA:43,2
DA:44,2
DA:45,2
DA:46,2
DA:47,6
DA:48,1
DA:49,1
DA:50,3
DA:51,3
DA:52,3
DA:53,3
DA:54,3
DA:55,3
DA:56,3
DA:57,3
DA:58,3
DA:59,3
DA:60,1
DA:61,1
DA:62,4
DA:63,4
DA:64,4
DA:65,1
DA:66,4
DA:67,4
DA:68,1
DA:69,4
DA:70,4
DA:71,1
DA:72,4
DA:73,4
DA:74,1
DA:75,4
DA:76,4
DA:77,1
LF:77
LH:77
BRDA:15,0,0,8
BRDA:19,1,0,8
BRDA:20,2,0,7
BRDA:28,3,0,24
BRDA:29,4,0,3
BRDA:30,5,0,21
BRDA:49,6,0,3
BRDA:51,7,0,0
BRDA:35,8,0,6
BRDA:40,9,0,2
BRDA:41,10,0,4
BRDA:42,11,0,2
BRDA:61,12,0,4
BRDA:64,13,0,1
BRDA:67,14,0,1
BRDA:70,15,0,1
BRDA:73,16,0,1
BRF:17
BRH:16
end_of_record
TN:
SF:src\infrastructure\datasources\mongo-log.datasource.ts
FN:8,saveLog
FN:14,getLogs
FNF:2
FNH:0
FNDA:0,saveLog
FNDA:0,getLogs
DA:1,1
DA:2,1
DA:3,1
DA:4,1
DA:5,1
DA:6,1
DA:7,1
DA:8,1
DA:9,0
DA:10,0
DA:11,0
DA:12,0
DA:13,1
DA:14,1
DA:15,0
DA:16,0
DA:17,0
DA:18,0
DA:19,0
DA:20,0
DA:21,1
DA:22,1
LF:22
LH:12
BRF:0
BRH:0
end_of_record
TN:
SF:src\infrastructure\repositories\log.repository.impl.ts
FN:9,LogRepositoryImpl
FN:14,saveLog
FN:18,getLogs
FNF:3
FNH:3
FNDA:1,LogRepositoryImpl
FNDA:1,saveLog
FNDA:1,getLogs
DA:1,1
DA:2,1
DA:3,1
DA:4,1
DA:5,1
DA:6,1
DA:7,1
DA:8,1
DA:9,1
DA:10,1
DA:11,1
DA:12,1
DA:13,1
DA:14,1
DA:15,1
DA:16,1
DA:17,1
DA:18,1
DA:19,1
DA:20,1
DA:21,1
DA:22,1
LF:22
LH:22
BRDA:9,0,0,1
BRDA:14,1,0,1
BRDA:18,2,0,1
BRF:3
BRH:3
end_of_record
TN:
SF:src\presentation\cron\cron-service.ts
FN:10,createJob
FNF:1
FNH:1
FNDA:1,createJob
DA:1,1
DA:2,1
DA:3,1
DA:4,1
DA:5,1
DA:6,1
DA:7,1
DA:8,1
DA:9,1
DA:10,1
DA:11,1
DA:12,1
DA:13,1
DA:14,1
DA:15,1
DA:16,1
DA:17,1
DA:18,1
DA:19,1
DA:20,1
DA:21,1
LF:21
LH:21
BRDA:10,0,0,1
BRF:1
BRH:1
end_of_record
TN:
SF:src\presentation\email\email.service.ts
FN:25,EmailService
FN:27,sendEmail
FN:45,sendEmailWithFileSystemLogs
FNF:3
FNH:3
FNDA:1,EmailService
FNDA:2,sendEmail
FNDA:1,sendEmailWithFileSystemLogs
DA:1,1
DA:2,1
DA:3,1
DA:4,1
DA:5,1
DA:6,1
DA:7,1
DA:8,1
DA:9,1
DA:10,1
DA:11,1
DA:12,1
DA:13,1
DA:14,1
DA:15,1
DA:16,1
DA:17,1
DA:18,1
DA:19,1
DA:20,1
DA:21,1
DA:22,1
DA:23,1
DA:24,1
DA:25,1
DA:26,1
DA:27,1
DA:28,2
DA:29,2
DA:30,2
DA:31,2
DA:32,2
DA:33,2
DA:34,2
DA:35,2
DA:36,2
DA:37,2
DA:38,2
DA:39,2
DA:40,2
DA:41,0
DA:42,0
DA:43,2
DA:44,1
DA:45,1
DA:46,1
DA:47,1
DA:48,1
DA:49,1
DA:50,1
DA:51,1
DA:52,1
DA:53,1
DA:54,1
DA:55,1
DA:56,1
DA:57,1
DA:58,1
DA:59,1
DA:60,1
DA:61,1
DA:62,1
DA:63,1
LF:63
LH:61
BRDA:25,0,0,1
BRDA:27,1,0,2
BRDA:40,2,0,0
BRDA:45,3,0,1
BRF:4
BRH:3
end_of_record
